C51 COMPILER V9.60.0.0   UART                                                              09/19/2022 14:27:13 PAGE 1   


C51 COMPILER V9.60.0.0, COMPILATION OF MODULE UART
OBJECT MODULE PLACED IN .\Objects\uart.obj
COMPILER INVOKED BY: C:\Keil_v5\C51\BIN\C51.EXE uart.c OPTIMIZE(8,SPEED) BROWSE DEBUG OBJECTEXTEND PRINT(.\Listings\uart
                    -.lst) TABS(2) OBJECT(.\Objects\uart.obj)

line level    source

   1          /* ********************************************************************
   2          FILE                 : uart.c
   3          
   4          PURPOSE              : 
   5             
   6          AUTHOR               : K.M. Arun Kumar alias Arunkumar Murugeswaran
   7             
   8          KNOWN BUGS           : 
   9          
  10          NOTE                 :                
  11          
  12          CHANGE LOGS          :
  13          
  14          *****************************************************************************/
  15          
  16          #include "main.h"
  17          
  18          // ------  data type declarations ---------------------------
  19          
  20          
  21          // ------  function prototypes ------------------------------
  22          
  23          
  24          // ------  constants ----------------------------------------
  25          
  26          
  27          
  28          // ------  variables ----------------------------------------
  29          
  30          
  31          
  32          /*------------------------------------------------------------*-
  33          FUNCTION NAME  : UART_Init
  34          
  35          DESCRIPTION    : Initialize UART port            
  36          
  37          INPUT          : 
  38          
  39          OUTPUT         : 
  40          
  41          NOTE           : 
  42          -*------------------------------------------------------------*/
  43          void UART_Init(void)
  44          {
  45   1          SCON = 0x50;    // setup serial port control 
  46   1          TMOD = 0x20;    // hardware (9600 BAUD @11.0592MHZ) 
  47   1          TH1  = 0xFD;    // TH1
  48   1          TR1  = 1;     // Timer 1 on
  49   1        
  50   1        Delay_in_Milli_Sec(10);
  51   1        return;
  52   1      }
  53          
  54          /*------------------------------------------------------------*-
C51 COMPILER V9.60.0.0   UART                                                              09/19/2022 14:27:13 PAGE 2   

  55          FUNCTION NAME  : UART_Tx_Char
  56          
  57          DESCRIPTION    : Transmit Char by polling          
  58          
  59          INPUT          : 
  60          
  61          OUTPUT         : 
  62          
  63          NOTE           : 
  64          -*------------------------------------------------------------*/
  65          void UART_Tx_Char(const char tx_char)
  66          {
  67   1        SBUF = tx_char;
  68   1        while (TI==0); //Transmit Char by polling 
  69   1        TI = 0;
  70   1        return; 
  71   1      }
  72          
  73          /*------------------------------------------------------------*-
  74          FUNCTION NAME  : UART_Tx_Str
  75          
  76          DESCRIPTION    : Transmit String by polling          
  77          
  78          INPUT          : 
  79          
  80          OUTPUT         : 
  81          
  82          NOTE           : 
  83          -*------------------------------------------------------------*/
  84          void UART_Tx_Str(const char *const tx_str)
  85          {
  86   1           unsigned char index;
  87   1         
  88   1           for(index = 0; ((*(tx_str + index)) != NULL_CHAR); index++)
  89   1             UART_Tx_Char(*(tx_str + index));      
  90   1         return; 
  91   1      }
  92          
  93          /*------------------------------------------------------------*-
  94          FUNCTION NAME  : UART_Rx_Char
  95          
  96          DESCRIPTION    : Receive Char by polling         
  97          
  98          INPUT          : 
  99          
 100          OUTPUT         : 
 101          
 102          NOTE           : 
 103          -*------------------------------------------------------------*/
 104          char UART_Rx_Char()
 105          {
 106   1        char rx_char;
 107   1        
 108   1        while (RI==0);
 109   1        RI = 0;
 110   1        rx_char = SBUF;
 111   1        return(rx_char);
 112   1      }
 113          
 114          /*-------------------------------------------------------------------
 115            ------------------------ END OF FILE ------------------------------
 116          -------------------------------------------------------------------*/
C51 COMPILER V9.60.0.0   UART                                                              09/19/2022 14:27:13 PAGE 3   

 117          


MODULE INFORMATION:   STATIC OVERLAYABLE
   CODE SIZE        =     70    ----
   CONSTANT SIZE    =   ----    ----
   XDATA SIZE       =   ----    ----
   PDATA SIZE       =   ----    ----
   DATA SIZE        =   ----       3
   IDATA SIZE       =   ----    ----
   BIT SIZE         =   ----    ----
END OF MODULE INFORMATION.


C51 COMPILATION COMPLETE.  0 WARNING(S),  0 ERROR(S)
